<?xml version="1.0" encoding="UTF-8"?>
<!-- Generated by org.testng.reporters.JUnitReportReporter -->
<testsuite hostname="LAPTOP-1826LOER" name="com.acti.Testcase.LoginPageTest" tests="4" failures="0" timestamp="30 Apr 2020 01:09:04 GMT" time="59.519" errors="0">
  <testcase name="testVerifyActiLogo" time="15.353" classname="com.acti.Testcase.LoginPageTest"/>
  <testcase name="testLoginPageTitle" time="14.227" classname="com.acti.Testcase.LoginPageTest"/>
  <testcase name="testValidateLoginFunction1" time="15.333" classname="com.acti.Testcase.LoginPageTest"/>
  <testcase name="testValidateLoginFunction" time="14.606" classname="com.acti.Testcase.LoginPageTest"/>
</testsuite> <!-- com.acti.Testcase.LoginPageTest -->
