<?xml version="1.0" encoding="UTF-8"?>
<!-- Generated by org.testng.reporters.JUnitReportReporter -->
<testsuite hostname="LAPTOP-1826LOER" name="com.acti.Testcase.TestDeleteCustomer" tests="1" failures="0" timestamp="1 May 2020 02:41:12 GMT" time="28.567" errors="0">
  <testcase name="createCustomer" time="28.567" classname="com.acti.Testcase.TestDeleteCustomer"/>
</testsuite> <!-- com.acti.Testcase.TestDeleteCustomer -->
