<?xml version="1.0" encoding="UTF-8"?>
<!-- Generated by org.testng.reporters.JUnitReportReporter -->
<testsuite hostname="LAPTOP-1826LOER" name="com.acti.Testcase.TestDeleteCustomer" tests="1" failures="0" timestamp="1 May 2020 01:09:43 GMT" time="30.815" errors="0">
  <testcase name="createCustomer" time="30.815" classname="com.acti.Testcase.TestDeleteCustomer"/>
</testsuite> <!-- com.acti.Testcase.TestDeleteCustomer -->
