<?xml version="1.0" encoding="UTF-8"?>
<!-- Generated by org.testng.reporters.JUnitReportReporter -->
<testsuite hostname="LAPTOP-1826LOER" name="com.acti.Base.DriverScript" tests="1" failures="0" timestamp="28 Apr 2020 00:13:05 GMT" time="15.260" errors="0">
  <testcase name="initApp" time="15.260" classname="com.acti.Base.DriverScript"/>
</testsuite> <!-- com.acti.Base.DriverScript -->
