<?xml version="1.0" encoding="UTF-8"?>
<!-- Generated by org.testng.reporters.JUnitReportReporter -->
<testsuite hostname="LAPTOP-1826LOER" name="com.acti.Testcase.LoginPageTest" tests="1" failures="0" timestamp="28 Apr 2020 00:57:08 GMT" time="27.038" errors="0">
  <testcase name="testValidateLoginFunction1" time="27.038" classname="com.acti.Testcase.LoginPageTest"/>
</testsuite> <!-- com.acti.Testcase.LoginPageTest -->
