<?xml version="1.0" encoding="UTF-8"?>
<!-- Generated by org.testng.reporters.JUnitReportReporter -->
<testsuite hostname="LAPTOP-1826LOER" name="com.acti.Testcase.TestCreateCustomer" tests="1" failures="0" timestamp="1 May 2020 01:02:47 GMT" time="27.481" errors="0">
  <testcase name="createCustomer" time="27.481" classname="com.acti.Testcase.TestCreateCustomer"/>
</testsuite> <!-- com.acti.Testcase.TestCreateCustomer -->
